# JRE version: OpenJDK Runtime Environment (8.0_112-b06) (build 1.8.0_112-release-b06)
# Java VM: OpenJDK 64-Bit Server VM (25.112-b06 mixed mode windows-amd64 compressed oops)
Heap:
 PSYoungGen      total 66560K, used 32540K [0x00000000e0000000, 0x00000000e4880000, 0x0000000100000000)
  eden space 58368K, 47% used [0x00000000e0000000,0x00000000e1b4f3c0,0x00000000e3900000)
  from space 8192K, 55% used [0x00000000e4080000,0x00000000e44f8000,0x00000000e4880000)
  to   space 7680K, 0% used [0x00000000e3900000,0x00000000e3900000,0x00000000e4080000)
 ParOldGen       total 43520K, used 31885K [0x00000000a0000000, 0x00000000a2a80000, 0x00000000e0000000)
  object space 43520K, 73% used [0x00000000a0000000,0x00000000a1f235d8,0x00000000a2a80000)
 Metaspace       used 50157K, capacity 51806K, committed 52096K, reserved 1093632K
  class space    used 6890K, capacity 7248K, committed 7296K, reserved 1048576K
GC Heap History (10 events):
Event: 183.879 GC heap before
{Heap before GC invocations=20 (full 2):
 PSYoungGen      total 41472K, used 36019K [0x00000000e0000000, 0x00000000e3b80000, 0x0000000100000000)
  eden space 32768K, 100% used [0x00000000e0000000,0x00000000e2000000,0x00000000e2000000)
  from space 8704K, 37% used [0x00000000e2000000,0x00000000e232cee8,0x00000000e2880000)
  to   space 8192K, 0% used [0x00000000e3380000,0x00000000e3380000,0x00000000e3b80000)
 ParOldGen       total 43520K, used 20618K [0x00000000a0000000, 0x00000000a2a80000, 0x00000000e0000000)
  object space 43520K, 47% used [0x00000000a0000000,0x00000000a14228f0,0x00000000a2a80000)
 Metaspace       used 42970K, capacity 43912K, committed 44032K, reserved 1087488K
  class space    used 5784K, capacity 6056K, committed 6144K, reserved 1048576K
Event: 183.885 GC heap after
Heap after GC invocations=20 (full 2):
 PSYoungGen      total 52736K, used 1828K [0x00000000e0000000, 0x00000000e3b80000, 0x0000000100000000)
  eden space 44544K, 0% used [0x00000000e0000000,0x00000000e0000000,0x00000000e2b80000)
  from space 8192K, 22% used [0x00000000e3380000,0x00000000e3549108,0x00000000e3b80000)
  to   space 8192K, 0% used [0x00000000e2b80000,0x00000000e2b80000,0x00000000e3380000)
 ParOldGen       total 43520K, used 22725K [0x00000000a0000000, 0x00000000a2a80000, 0x00000000e0000000)
  object space 43520K, 52% used [0x00000000a0000000,0x00000000a16314d8,0x00000000a2a80000)
 Metaspace       used 42970K, capacity 43912K, committed 44032K, reserved 1087488K
  class space    used 5784K, capacity 6056K, committed 6144K, reserved 1048576K
}
Event: 186.051 GC heap before
{Heap before GC invocations=21 (full 2):
 PSYoungGen      total 52736K, used 46372K [0x00000000e0000000, 0x00000000e3b80000, 0x0000000100000000)
  eden space 44544K, 100% used [0x00000000e0000000,0x00000000e2b80000,0x00000000e2b80000)
  from space 8192K, 22% used [0x00000000e3380000,0x00000000e3549108,0x00000000e3b80000)
  to   space 8192K, 0% used [0x00000000e2b80000,0x00000000e2b80000,0x00000000e3380000)
 ParOldGen       total 43520K, used 22725K [0x00000000a0000000, 0x00000000a2a80000, 0x00000000e0000000)
  object space 43520K, 52% used [0x00000000a0000000,0x00000000a16314d8,0x00000000a2a80000)
 Metaspace       used 45041K, capacity 46252K, committed 46336K, reserved 1089536K
  class space    used 6059K, capacity 6352K, committed 6400K, reserved 1048576K
Event: 186.059 GC heap after
Heap after GC invocations=21 (full 2):
 PSYoungGen      total 47616K, used 4075K [0x00000000e0000000, 0x00000000e3980000, 0x0000000100000000)
  eden space 43520K, 0% used [0x00000000e0000000,0x00000000e0000000,0x00000000e2a80000)
  from space 4096K, 99% used [0x00000000e2b80000,0x00000000e2f7add8,0x00000000e2f80000)
  to   space 7680K, 0% used [0x00000000e3200000,0x00000000e3200000,0x00000000e3980000)
 ParOldGen       total 43520K, used 22813K [0x00000000a0000000, 0x00000000a2a80000, 0x00000000e0000000)
  object space 43520K, 52% used [0x00000000a0000000,0x00000000a16474d8,0x00000000a2a80000)
 Metaspace       used 45041K, capacity 46252K, committed 46336K, reserved 1089536K
  class space    used 6059K, capacity 6352K, committed 6400K, reserved 1048576K
}
Event: 187.762 GC heap before
{Heap before GC invocations=22 (full 2):
 PSYoungGen      total 47616K, used 47595K [0x00000000e0000000, 0x00000000e3980000, 0x0000000100000000)
  eden space 43520K, 100% used [0x00000000e0000000,0x00000000e2a80000,0x00000000e2a80000)
  from space 4096K, 99% used [0x00000000e2b80000,0x00000000e2f7add8,0x00000000e2f80000)
  to   space 7680K, 0% used [0x00000000e3200000,0x00000000e3200000,0x00000000e3980000)
 ParOldGen       total 43520K, used 22813K [0x00000000a0000000, 0x00000000a2a80000, 0x00000000e0000000)
  object space 43520K, 52% used [0x00000000a0000000,0x00000000a16474d8,0x00000000a2a80000)
 Metaspace       used 47235K, capacity 48702K, committed 48768K, reserved 1091584K
  class space    used 6420K, capacity 6743K, committed 6784K, reserved 1048576K
Event: 187.770 GC heap after
Heap after GC invocations=22 (full 2):
 PSYoungGen      total 50176K, used 5055K [0x00000000e0000000, 0x00000000e3980000, 0x0000000100000000)
  eden space 42496K, 0% used [0x00000000e0000000,0x00000000e0000000,0x00000000e2980000)
  from space 7680K, 65% used [0x00000000e3200000,0x00000000e36efff0,0x00000000e3980000)
  to   space 8192K, 0% used [0x00000000e2980000,0x00000000e2980000,0x00000000e3180000)
 ParOldGen       total 43520K, used 24741K [0x00000000a0000000, 0x00000000a2a80000, 0x00000000e0000000)
  object space 43520K, 56% used [0x00000000a0000000,0x00000000a1829528,0x00000000a2a80000)
 Metaspace       used 47235K, capacity 48702K, committed 48768K, reserved 1091584K
  class space    used 6420K, capacity 6743K, committed 6784K, reserved 1048576K
}
Event: 188.783 GC heap before
{Heap before GC invocations=23 (full 2):
 PSYoungGen      total 50176K, used 47551K [0x00000000e0000000, 0x00000000e3980000, 0x0000000100000000)
  eden space 42496K, 100% used [0x00000000e0000000,0x00000000e2980000,0x00000000e2980000)
  from space 7680K, 65% used [0x00000000e3200000,0x00000000e36efff0,0x00000000e3980000)
  to   space 8192K, 0% used [0x00000000e2980000,0x00000000e2980000,0x00000000e3180000)
 ParOldGen       total 43520K, used 24741K [0x00000000a0000000, 0x00000000a2a80000, 0x00000000e0000000)
  object space 43520K, 56% used [0x00000000a0000000,0x00000000a1829528,0x00000000a2a80000)
 Metaspace       used 49455K, capacity 51070K, committed 51200K, reserved 1093632K
  class space    used 6756K, capacity 7153K, committed 7168K, reserved 1048576K
Event: 188.797 GC heap after
Heap after GC invocations=23 (full 2):
 PSYoungGen      total 50688K, used 4902K [0x00000000e0000000, 0x00000000e4880000, 0x0000000100000000)
  eden space 42496K, 0% used [0x00000000e0000000,0x00000000e0000000,0x00000000e2980000)
  from space 8192K, 59% used [0x00000000e2980000,0x00000000e2e49800,0x00000000e3180000)
  to   space 8192K, 0% used [0x00000000e4080000,0x00000000e4080000,0x00000000e4880000)
 ParOldGen       total 43520K, used 28515K [0x00000000a0000000, 0x00000000a2a80000, 0x00000000e0000000)
  object space 43520K, 65% used [0x00000000a0000000,0x00000000a1bd8d88,0x00000000a2a80000)
 Metaspace       used 49455K, capacity 51070K, committed 51200K, reserved 1093632K
  class space    used 6756K, capacity 7153K, committed 7168K, reserved 1048576K
}
Event: 189.117 GC heap before
{Heap before GC invocations=24 (full 2):
 PSYoungGen      total 50688K, used 47398K [0x00000000e0000000, 0x00000000e4880000, 0x0000000100000000)
  eden space 42496K, 100% used [0x00000000e0000000,0x00000000e2980000,0x00000000e2980000)
  from space 8192K, 59% used [0x00000000e2980000,0x00000000e2e49800,0x00000000e3180000)
  to   space 8192K, 0% used [0x00000000e4080000,0x00000000e4080000,0x00000000e4880000)
 ParOldGen       total 43520K, used 28515K [0x00000000a0000000, 0x00000000a2a80000, 0x00000000e0000000)
  object space 43520K, 65% used [0x00000000a0000000,0x00000000a1bd8d88,0x00000000a2a80000)
 Metaspace       used 49694K, capacity 51334K, committed 51584K, reserved 1093632K
  class space    used 6788K, capacity 7185K, committed 7296K, reserved 1048576K
Event: 189.135 GC heap after
Heap after GC invocations=24 (full 2):
 PSYoungGen      total 66560K, used 4576K [0x00000000e0000000, 0x00000000e4880000, 0x0000000100000000)
  eden space 58368K, 0% used [0x00000000e0000000,0x00000000e0000000,0x00000000e3900000)
  from space 8192K, 55% used [0x00000000e4080000,0x00000000e44f8000,0x00000000e4880000)
  to   space 7680K, 0% used [0x00000000e3900000,0x00000000e3900000,0x00000000e4080000)
 ParOldGen       total 43520K, used 31885K [0x00000000a0000000, 0x00000000a2a80000, 0x00000000e0000000)
  object space 43520K, 73% used [0x00000000a0000000,0x00000000a1f235d8,0x00000000a2a80000)
 Metaspace       used 49694K, capacity 51334K, committed 51584K, reserved 1093632K
  class space    used 6788K, capacity 7185K, committed 7296K, reserved 1048576K
}

